0.417189   0.133628   0.285151
0.217866   -0.292208   0.112583
0.354457   0.35068   -0.428752
0.17165   0.15275   -0.168695
0.452924   0.0249677   -0.231601
0.187876   0.426926   0.380423
-0.34663   0.174011   -0.224061
-0.293776   0.0955568   -0.189676
0.325161   -0.48989   -0.266795
-0.145826   -0.118995   0.126415
-0.0175347   -0.489338   0.297654
-0.0996069   -0.0231538   0.226057
-0.330409   -0.455335   -0.0177194
0.274421   -0.211263   -0.0442156
0.434775   -0.183139   0.11993
-0.0241238   0.364128   -0.0269653
0.246598   0.38459   -0.466432
-0.153373   0.490245   -0.151177
0.410433   -0.0968706   0.136415
-0.226579   0.371396   -0.0355157
-0.119974   0.414583   0.361011
0.46778   0.335366   0.281755
-0.248902   -0.132101   0.109039
-0.393901   0.251562   -0.270795
-0.388195   -0.34069   -0.167717
-0.045167   -0.14631   -0.0628908
0.123336   0.113509   0.412612
-0.187547   -0.486138   0.398572
-0.479834   -0.00702726   -0.199971
-0.267712   -0.435376   0.27195
-0.0117672   -0.288614   -0.345706
-0.21994   0.32025   0.42535
-0.167142   0.24241   0.103341
0.0937422   0.337779   0.0131677
0.366464   0.254105   -0.438991
0.227725   0.0460131   -0.222012
0.234735   -0.00896931   0.426321
0.199378   -0.220383   0.255439
-0.202718   0.312436   0.0625279
0.361047   0.282796   0.223115
-0.193571   0.167054   -0.403631
0.0224299   -0.00450461   0.00587055
-0.444786   -0.269159   -0.202253
-0.0184627   0.0382471   -0.433874
0.294337   0.179415   0.264592
0.062864   -0.143702   -0.196746
-0.41912   0.00292878   0.126902
0.235984   -0.0511736   -0.023101
-0.463802   -0.0809569   0.000983074
0.465926   0.347298   -0.17593
0.0750072   -0.297153   0.169592
-0.0499579   0.0607901   -0.0424448
0.405881   0.194765   0.360864
-0.320699   0.273951   -0.330112
0.279319   0.0522445   -0.289145
-0.0578559   -0.342845   0.105335
0.339193   0.244992   0.12759
-0.456694   -0.256208   0.0752483
-0.363925   -0.107641   0.229005
0.0173574   0.383142   -0.147457
0.0448729   -0.439259   -0.103146
0.00732575   0.293057   0.0626461
-0.450166   0.293482   0.229396
-0.152163   0.196664   0.26643
0.298631   0.00139537   -0.44866
0.408827   -0.237213   0.199257
-0.329935   -0.190004   0.385196
-0.155057   0.0619661   -0.427177
0.0404046   -0.284837   -0.151954
0.270527   0.355793   0.46342
-0.499215   0.102198   -0.045302
-0.371161   0.0929746   -0.219273
0.144319   0.115132   0.270665
-0.49295   -0.140144   -0.318727
-0.364293   0.414145   0.316155
-0.28435   0.0439326   -0.00335896
-0.182031   0.183323   -0.012128
0.236942   0.193498   -0.430683
0.402916   0.314453   -0.0280069
0.101009   0.070374   0.483769
0.239338   0.473471   -0.367207
-0.0760655   -0.482195   -0.218664
-0.411896   -0.311245   0.221777
0.481733   -0.438338   0.353942
-0.438906   0.0772864   0.0495491
-0.445303   -0.181334   -0.184923
-0.0861536   -0.309279   0.278141
0.193494   -0.0306834   0.118472
-0.156891   0.194398   0.496344
0.0258247   0.422536   -0.253639
0.27837   -0.351042   0.465097
-0.215797   -0.0836838   0.18432
-0.116515   -0.207118   0.0876312
-0.255433   0.215463   0.0148531
0.264193   -0.00952279   -0.335378
0.477985   0.0897859   0.255014
-0.448723   0.141188   0.105397
-0.0211191   -0.108026   -0.231967
-0.399017   0.288432   -0.385798
-0.35527   0.211134   -0.0256883
0.127011   -0.370177   0.26468
-0.499976   0.408835   0.287829
-0.102102   -0.404499   0.30584
0.498895   -0.488465   0.116602
-0.0830467   0.223536   -0.436374
0.495388   0.453573   0.362219
-0.231026   -0.232048   0.245336
-0.243427   0.116479   0.0111136
